#
# An unexpected error has been detected by Java Runtime Environment:
#
#  EXCEPTION_ACCESS_VIOLATION (0xc0000005) at pc=0x6d982c08, pid=5636, tid=3008
#
# Java VM: Java HotSpot(TM) Client VM (11.0-b12 mixed mode, sharing windows-x86)
# Problematic frame:
# V  [jvm.dll+0xd2c08]
#
# If you would like to submit a bug report, please visit:
#   http://java.sun.com/webapps/bugreport/crash.jsp
#

---------------  T H R E A D  ---------------

Current thread (0x022be000):  JavaThread "Java2D Disposer" daemon [_thread_in_vm, id=3008, stack(0x04400000,0x04450000)]

siginfo: ExceptionCode=0xc0000005, reading address 0x00000000

Registers:
EAX=0x00000000, EBX=0x00000000, ECX=0x0444f884, EDX=0x0444f8e9
ESP=0x0444f830, EBP=0x02204bf0, ESI=0x022be000, EDI=0x021e7338
EIP=0x6d982c08, EFLAGS=0x00010203

Top of Stack: (sp=0x0444f830)
0x0444f830:   0220a6d4 0444f9e8 022be114 022be000
0x0444f840:   00000000 00000003 2d1ed578 02202b90
0x0444f850:   02202b98 02202f84 02204bfc 24401c48
0x0444f860:   00000016 022be000 022be000 24918a78
0x0444f870:   021f82ce 24401c48 00000016 77749254
0x0444f880:   00000000 02204bf0 021f82ce 77749254
0x0444f890:   7623c244 24918a78 021f82ce 2cc140e8
0x0444f8a0:   24918a78 021f82ce 2cc140e8 021fb300 

Instructions: (pc=0x6d982c08)
0x6d982bf8:   8c 24 c4 00 00 00 89 2c 81 ff 84 24 d0 00 00 00
0x6d982c08:   8b 03 8b 50 08 0f b7 4a 26 8b 50 0c 8b 44 8a 1c 


Stack: [0x04400000,0x04450000],  sp=0x0444f830,  free space=318k
Native frames: (J=compiled Java code, j=interpreted, Vv=VM code, C=native code)
V  [jvm.dll+0xd2c08]

Java frames: (J=compiled Java code, j=interpreted, Vv=VM code)
j  java.awt.Cursor.finalizeImpl(J)V+0
j  java.awt.Cursor.access$000(J)V+1
j  java.awt.Cursor$CursorDisposer.dispose()V+13
j  sun.java2d.Disposer.run()V+26
j  java.lang.Thread.run()V+11
v  ~StubRoutines::call_stub

---------------  P R O C E S S  ---------------

Java Threads: ( => current thread )
  0x02299c00 JavaThread "Thread-1" daemon [_thread_in_native, id=5444, stack(0x05260000,0x052b0000)]
  0x00939000 JavaThread "DestroyJavaVM" [_thread_blocked, id=4896, stack(0x000c0000,0x00110000)]
  0x0226a800 JavaThread "TimerQueue" daemon [_thread_blocked, id=4860, stack(0x05110000,0x05160000)]
  0x05852000 JavaThread "AWT-EventQueue-0" [_thread_blocked, id=4940, stack(0x05c40000,0x05c90000)]
  0x022be400 JavaThread "AWT-Shutdown" [_thread_blocked, id=5380, stack(0x044a0000,0x044f0000)]
=>0x022be000 JavaThread "Java2D Disposer" daemon [_thread_in_vm, id=3008, stack(0x04400000,0x04450000)]
  0x02212000 JavaThread "Low Memory Detector" daemon [_thread_blocked, id=2376, stack(0x04360000,0x043b0000)]
  0x0220cc00 JavaThread "CompilerThread0" daemon [_thread_blocked, id=4752, stack(0x04310000,0x04360000)]
  0x02208400 JavaThread "Attach Listener" daemon [_thread_blocked, id=3900, stack(0x042c0000,0x04310000)]
  0x021ffc00 JavaThread "Signal Dispatcher" daemon [_thread_blocked, id=3060, stack(0x02140000,0x02190000)]
  0x021f8400 JavaThread "Finalizer" daemon [_thread_blocked, id=1476, stack(0x00db0000,0x00e00000)]
  0x021f3c00 JavaThread "Reference Handler" daemon [_thread_blocked, id=4476, stack(0x00d60000,0x00db0000)]

Other Threads:
  0x021f2000 VMThread [stack: 0x00d10000,0x00d60000] [id=3720]
  0x02212800 WatcherThread [stack: 0x043b0000,0x04400000] [id=5024]

VM state:not at safepoint (normal execution)

VM Mutex/Monitor currently owned by a thread: None

Heap
 def new generation   total 960K, used 47K [0x24400000, 0x24500000, 0x248e0000)
  eden space 896K,   1% used [0x24400000, 0x24402898, 0x244e0000)
  from space 64K,  58% used [0x244f0000, 0x244f9490, 0x24500000)
  to   space 64K,   0% used [0x244e0000, 0x244e0000, 0x244f0000)
 tenured generation   total 5996K, used 5781K [0x248e0000, 0x24ebb000, 0x28400000)
   the space 5996K,  96% used [0x248e0000, 0x24e85500, 0x24e85600, 0x24ebb000)
 compacting perm gen  total 12288K, used 1577K [0x28400000, 0x29000000, 0x2c400000)
   the space 12288K,  12% used [0x28400000, 0x2858a478, 0x2858a600, 0x29000000)
    ro space 8192K,  66% used [0x2c400000, 0x2c95a540, 0x2c95a600, 0x2cc00000)
    rw space 12288K,  53% used [0x2cc00000, 0x2d2623f8, 0x2d262400, 0x2d800000)

Dynamic libraries:
0x00400000 - 0x00424000 	C:\Program Files\Java\jdk1.6.0_10\jre\bin\java.exe
0x776f0000 - 0x77817000 	C:\Windows\system32\ntdll.dll
0x761f0000 - 0x762cb000 	C:\Windows\system32\kernel32.dll
0x77360000 - 0x77426000 	C:\Windows\system32\ADVAPI32.dll
0x76f10000 - 0x76fd2000 	C:\Windows\system32\RPCRT4.dll
0x7c340000 - 0x7c396000 	C:\Program Files\Java\jdk1.6.0_10\jre\bin\msvcr71.dll
0x6d8b0000 - 0x6db06000 	C:\Program Files\Java\jdk1.6.0_10\jre\bin\client\jvm.dll
0x77240000 - 0x772dd000 	C:\Windows\system32\USER32.dll
0x75f70000 - 0x75fbb000 	C:\Windows\system32\GDI32.dll
0x73b00000 - 0x73b32000 	C:\Windows\system32\WINMM.dll
0x76de0000 - 0x76e8a000 	C:\Windows\system32\msvcrt.dll
0x77090000 - 0x771d4000 	C:\Windows\system32\ole32.dll
0x77870000 - 0x778fd000 	C:\Windows\system32\OLEAUT32.dll
0x742d0000 - 0x74309000 	C:\Windows\system32\OLEACC.dll
0x77850000 - 0x7786e000 	C:\Windows\system32\IMM32.DLL
0x76120000 - 0x761e8000 	C:\Windows\system32\MSCTF.dll
0x75d50000 - 0x75d7c000 	C:\Windows\system32\apphelp.dll
0x77820000 - 0x77829000 	C:\Windows\system32\LPK.DLL
0x772e0000 - 0x7735d000 	C:\Windows\system32\USP10.dll
0x76e90000 - 0x76ebd000 	C:\Windows\system32\WS2_32.dll
0x77830000 - 0x77836000 	C:\Windows\system32\NSI.dll
0x75dd0000 - 0x75df1000 	C:\Windows\system32\NTMARTA.DLL
0x76ec0000 - 0x76f0a000 	C:\Windows\system32\WLDAP32.dll
0x75f60000 - 0x75f67000 	C:\Windows\system32\PSAPI.DLL
0x75db0000 - 0x75dc1000 	C:\Windows\system32\SAMLIB.dll
0x6c1b0000 - 0x6c1b5000 	C:\Windows\system32\avgrsstx.dll
0x6d330000 - 0x6d338000 	C:\Program Files\Java\jdk1.6.0_10\jre\bin\hpi.dll
0x6d860000 - 0x6d86c000 	C:\Program Files\Java\jdk1.6.0_10\jre\bin\verify.dll
0x6d3d0000 - 0x6d3ef000 	C:\Program Files\Java\jdk1.6.0_10\jre\bin\java.dll
0x6d8a0000 - 0x6d8af000 	C:\Program Files\Java\jdk1.6.0_10\jre\bin\zip.dll
0x6d0b0000 - 0x6d1e6000 	C:\Program Files\Java\jdk1.6.0_10\jre\bin\awt.dll
0x71af0000 - 0x71b32000 	C:\Windows\system32\WINSPOOL.DRV
0x74b90000 - 0x74bcf000 	C:\Windows\system32\uxtheme.dll
0x762d0000 - 0x76de0000 	C:\Windows\system32\shell32.dll
0x771e0000 - 0x77238000 	C:\Windows\system32\SHLWAPI.dll
0x74bd0000 - 0x74d6e000 	C:\Windows\WinSxS\x86_microsoft.windows.common-controls_6595b64144ccf1df_6.0.6001.18000_none_5cdbaa5a083979cc\comctl32.dll
0x6d2d0000 - 0x6d324000 	C:\Program Files\Java\jdk1.6.0_10\jre\bin\fontmanager.dll
0x6d6c0000 - 0x6d6d3000 	C:\Program Files\Java\jdk1.6.0_10\jre\bin\net.dll
0x754c0000 - 0x754fb000 	C:\Windows\system32\mswsock.dll
0x75520000 - 0x75525000 	C:\Windows\System32\wship6.dll
0x6d6e0000 - 0x6d6e9000 	C:\Program Files\Java\jdk1.6.0_10\jre\bin\nio.dll
0x6d500000 - 0x6d524000 	C:\Program Files\Java\jdk1.6.0_10\jre\bin\jpeg.dll
0x75fc0000 - 0x76044000 	C:\Windows\system32\CLBCatQ.DLL
0x6d240000 - 0x6d263000 	C:\Program Files\Java\jdk1.6.0_10\jre\bin\dcpr.dll
0x75240000 - 0x7527b000 	C:\Windows\system32\rsaenh.dll

VM Arguments:
jvm_args: -Djava.security.policy=applet.policy 
java_command: thirdyearproject.Main
Launcher Type: SUN_STANDARD

Environment Variables:
CLASSPATH=.;C:\Program Files\Java\jre1.6.0_05\lib\ext\QTJava.zip
PATH=C:\Windows\system32;C:\Windows;C:\Windows\System32\Wbem;C:\Program Files\Intel\DMIX;C:\Program Files\Java\jdk1.6.0_10\bin;C:\Program Files\QuickTime\QTSystem\;C:\Program Files\SICStus Prolog 4.0.4\bin;C:\Program Files\MySQL\MySQL Server 4.1\bin
USERNAME=Mohammad
OS=Windows_NT
PROCESSOR_IDENTIFIER=x86 Family 6 Model 23 Stepping 6, GenuineIntel



---------------  S Y S T E M  ---------------

OS: Windows Vista Build 6001 Service Pack 1

CPU:total 2 (2 cores per cpu, 1 threads per core) family 6 model 7 stepping 6, cmov, cx8, fxsr, mmx, sse, sse2, sse3, ssse3

Memory: 4k page, physical 2097151k(1572068k free), swap 4194303k(4194303k free)

vm_info: Java HotSpot(TM) Client VM (11.0-b12) for windows-x86 JRE (1.6.0_10-beta-b25), built on May 29 2008 00:51:46 by "java_re" with MS VC++ 7.1

time: Sat May 02 19:32:58 2009
elapsed time: 31 seconds

